Arguments: 
  /usr/local/bin/node /usr/local/Cellar/yarn/1.19.2/libexec/bin/yarn.js add --dev styled-componentsyarn add --dev styled-components

PATH: 
  /usr/local/bin:/usr/bin:/bin:/usr/sbin:/sbin

Yarn version: 
  1.19.2

Node version: 
  10.16.3

Platform: 
  darwin x64

Trace: 
  Error: https://registry.yarnpkg.com/styled-componentsyarn: Not found
      at Request.params.callback [as _callback] (/usr/local/Cellar/yarn/1.19.2/libexec/lib/cli.js:66927:18)
      at Request.self.callback (/usr/local/Cellar/yarn/1.19.2/libexec/lib/cli.js:140586:22)
      at Request.emit (events.js:198:13)
      at Request.<anonymous> (/usr/local/Cellar/yarn/1.19.2/libexec/lib/cli.js:141558:10)
      at Request.emit (events.js:198:13)
      at IncomingMessage.<anonymous> (/usr/local/Cellar/yarn/1.19.2/libexec/lib/cli.js:141480:12)
      at Object.onceWrapper (events.js:286:20)
      at IncomingMessage.emit (events.js:203:15)
      at endReadableNT (_stream_readable.js:1145:12)
      at process._tickCallback (internal/process/next_tick.js:63:19)

npm manifest: 
  No manifest

yarn manifest: 
  No manifest

Lockfile: 
  # THIS IS AN AUTOGENERATED FILE. DO NOT EDIT THIS FILE DIRECTLY.
  # yarn lockfile v1
